[0.316s] DEBUG:colcon:Command line arguments: ['/usr/bin/colcon', 'build']
[0.316s] DEBUG:colcon:Parsed command line arguments: Namespace(log_base=None, log_level=None, verb_name='build', build_base='build', install_base='install', merge_install=False, symlink_install=False, test_result_base=None, continue_on_error=False, executor='parallel', parallel_workers=6, event_handlers=None, ignore_user_meta=False, metas=['./colcon.meta'], base_paths=['.'], packages_ignore=None, packages_ignore_regex=None, paths=None, packages_up_to=None, packages_up_to_regex=None, packages_above=None, packages_above_and_dependencies=None, packages_above_depth=None, packages_select_by_dep=None, packages_skip_by_dep=None, packages_skip_up_to=None, packages_select_build_failed=False, packages_skip_build_finished=False, packages_select_test_failures=False, packages_skip_test_passed=False, packages_select=None, packages_skip=None, packages_select_regex=None, packages_skip_regex=None, packages_start=None, packages_end=None, allow_overriding=[], cmake_args=None, cmake_target=None, cmake_target_skip_unavailable=False, cmake_clean_cache=False, cmake_clean_first=False, cmake_force_configure=False, ament_cmake_args=None, catkin_cmake_args=None, catkin_skip_building_tests=False, verb_parser=<colcon_defaults.argument_parser.defaults.DefaultArgumentsDecorator object at 0x718494664a00>, verb_extension=<colcon_core.verb.build.BuildVerb object at 0x7184947da2c0>, main=<bound method BuildVerb.main of <colcon_core.verb.build.BuildVerb object at 0x7184947da2c0>>)
[0.658s] Level 1:colcon.colcon_core.package_discovery:discover_packages(colcon_meta) check parameters
[0.658s] Level 1:colcon.colcon_core.package_discovery:discover_packages(recursive) check parameters
[0.658s] Level 1:colcon.colcon_core.package_discovery:discover_packages(ignore) check parameters
[0.658s] Level 1:colcon.colcon_core.package_discovery:discover_packages(path) check parameters
[0.658s] Level 1:colcon.colcon_core.package_discovery:discover_packages(colcon_meta) discover
[0.658s] Level 1:colcon.colcon_core.package_discovery:discover_packages(recursive) discover
[0.658s] INFO:colcon.colcon_core.package_discovery:Crawling recursively for packages in '/home/s10/ros2_ws/src/ros2_practice/ros2_basic'
[0.658s] Level 1:colcon.colcon_core.package_identification:_identify(.) by extensions ['ignore', 'ignore_ament_install']
[0.658s] Level 1:colcon.colcon_core.package_identification:_identify(.) by extension 'ignore'
[0.658s] Level 1:colcon.colcon_core.package_identification:_identify(.) by extension 'ignore_ament_install'
[0.658s] Level 1:colcon.colcon_core.package_identification:_identify(.) by extensions ['colcon_pkg']
[0.658s] Level 1:colcon.colcon_core.package_identification:_identify(.) by extension 'colcon_pkg'
[0.658s] Level 1:colcon.colcon_core.package_identification:_identify(.) by extensions ['colcon_meta']
[0.658s] Level 1:colcon.colcon_core.package_identification:_identify(.) by extension 'colcon_meta'
[0.658s] Level 1:colcon.colcon_core.package_identification:_identify(.) by extensions ['ros']
[0.659s] Level 1:colcon.colcon_core.package_identification:_identify(.) by extension 'ros'
[0.679s] DEBUG:colcon.colcon_core.package_identification:Package '.' with type 'ros.ament_python' and name 'ros2_basic'
[0.679s] Level 1:colcon.colcon_core.package_discovery:discover_packages(recursive) using defaults
[0.679s] Level 1:colcon.colcon_core.package_discovery:discover_packages(ignore) discover
[0.679s] Level 1:colcon.colcon_core.package_discovery:discover_packages(ignore) using defaults
[0.679s] Level 1:colcon.colcon_core.package_discovery:discover_packages(path) discover
[0.680s] Level 1:colcon.colcon_core.package_discovery:discover_packages(path) using defaults
[0.722s] Level 1:colcon.colcon_core.package_discovery:discover_packages(prefix_path) check parameters
[0.722s] Level 1:colcon.colcon_core.package_discovery:discover_packages(prefix_path) discover
[0.726s] DEBUG:colcon.colcon_installed_package_information.package_discovery:Found 1 installed packages in /home/s10/ros2_ws/install
[0.729s] DEBUG:colcon.colcon_installed_package_information.package_discovery:Found 470 installed packages in /opt/ros/humble
[0.731s] Level 1:colcon.colcon_core.package_discovery:discover_packages(prefix_path) using defaults
[0.861s] Level 5:colcon.colcon_core.verb:set package 'ros2_basic' build argument 'cmake_args' from command line to 'None'
[0.861s] Level 5:colcon.colcon_core.verb:set package 'ros2_basic' build argument 'cmake_target' from command line to 'None'
[0.861s] Level 5:colcon.colcon_core.verb:set package 'ros2_basic' build argument 'cmake_target_skip_unavailable' from command line to 'False'
[0.861s] Level 5:colcon.colcon_core.verb:set package 'ros2_basic' build argument 'cmake_clean_cache' from command line to 'False'
[0.861s] Level 5:colcon.colcon_core.verb:set package 'ros2_basic' build argument 'cmake_clean_first' from command line to 'False'
[0.861s] Level 5:colcon.colcon_core.verb:set package 'ros2_basic' build argument 'cmake_force_configure' from command line to 'False'
[0.861s] Level 5:colcon.colcon_core.verb:set package 'ros2_basic' build argument 'ament_cmake_args' from command line to 'None'
[0.861s] Level 5:colcon.colcon_core.verb:set package 'ros2_basic' build argument 'catkin_cmake_args' from command line to 'None'
[0.861s] Level 5:colcon.colcon_core.verb:set package 'ros2_basic' build argument 'catkin_skip_building_tests' from command line to 'False'
[0.861s] DEBUG:colcon.colcon_core.verb:Building package 'ros2_basic' with the following arguments: {'ament_cmake_args': None, 'build_base': '/home/s10/ros2_ws/src/ros2_practice/ros2_basic/build/ros2_basic', 'catkin_cmake_args': None, 'catkin_skip_building_tests': False, 'cmake_args': None, 'cmake_clean_cache': False, 'cmake_clean_first': False, 'cmake_force_configure': False, 'cmake_target': None, 'cmake_target_skip_unavailable': False, 'install_base': '/home/s10/ros2_ws/src/ros2_practice/ros2_basic/install/ros2_basic', 'merge_install': False, 'path': '/home/s10/ros2_ws/src/ros2_practice/ros2_basic', 'symlink_install': False, 'test_result_base': None}
[0.861s] INFO:colcon.colcon_core.executor:Executing jobs using 'parallel' executor
[0.862s] DEBUG:colcon.colcon_parallel_executor.executor.parallel:run_until_complete
[0.862s] INFO:colcon.colcon_ros.task.ament_python.build:Building ROS package in '/home/s10/ros2_ws/src/ros2_practice/ros2_basic' with build type 'ament_python'
[0.863s] Level 1:colcon.colcon_core.shell:create_environment_hook('ros2_basic', 'ament_prefix_path')
[0.868s] INFO:colcon.colcon_core.plugin_system:Skipping extension 'colcon_core.shell.bat': Not used on non-Windows systems
[0.868s] INFO:colcon.colcon_core.shell:Creating environment hook '/home/s10/ros2_ws/src/ros2_practice/ros2_basic/install/ros2_basic/share/ros2_basic/hook/ament_prefix_path.ps1'
[0.869s] INFO:colcon.colcon_core.shell:Creating environment descriptor '/home/s10/ros2_ws/src/ros2_practice/ros2_basic/install/ros2_basic/share/ros2_basic/hook/ament_prefix_path.dsv'
[0.870s] INFO:colcon.colcon_core.shell:Creating environment hook '/home/s10/ros2_ws/src/ros2_practice/ros2_basic/install/ros2_basic/share/ros2_basic/hook/ament_prefix_path.sh'
[0.871s] INFO:colcon.colcon_core.shell:Skip shell extension 'powershell' for command environment: Not usable outside of PowerShell
[0.871s] DEBUG:colcon.colcon_core.shell:Skip shell extension 'dsv' for command environment
[1.144s] INFO:colcon.colcon_core.task.python.build:Building Python package in '/home/s10/ros2_ws/src/ros2_practice/ros2_basic'
[1.144s] INFO:colcon.colcon_core.shell:Skip shell extension 'powershell' for command environment: Not usable outside of PowerShell
[1.144s] DEBUG:colcon.colcon_core.shell:Skip shell extension 'dsv' for command environment
[1.633s] DEBUG:colcon.colcon_core.event_handler.log_command:Invoking command in '/home/s10/ros2_ws/src/ros2_practice/ros2_basic': PYTHONPATH=/home/s10/ros2_ws/src/ros2_practice/ros2_basic/build/ros2_basic/prefix_override:/usr/lib/python3/dist-packages/colcon_core/task/python/colcon_distutils_commands:/home/s10/ros2_ws/src/ros2_practice/ros2_basic/install/ros2_basic/lib/python3.10/site-packages:${PYTHONPATH} /usr/bin/python3 -W ignore:setup.py install is deprecated -W ignore:easy_install command is deprecated setup.py egg_info --egg-base build/ros2_basic build --build-base /home/s10/ros2_ws/src/ros2_practice/ros2_basic/build/ros2_basic/build install --record /home/s10/ros2_ws/src/ros2_practice/ros2_basic/build/ros2_basic/install.log --single-version-externally-managed install_data
[1.944s] DEBUG:colcon.colcon_core.event_handler.log_command:Invoked command in '/home/s10/ros2_ws/src/ros2_practice/ros2_basic' returned '0': PYTHONPATH=/home/s10/ros2_ws/src/ros2_practice/ros2_basic/build/ros2_basic/prefix_override:/usr/lib/python3/dist-packages/colcon_core/task/python/colcon_distutils_commands:/home/s10/ros2_ws/src/ros2_practice/ros2_basic/install/ros2_basic/lib/python3.10/site-packages:${PYTHONPATH} /usr/bin/python3 -W ignore:setup.py install is deprecated -W ignore:easy_install command is deprecated setup.py egg_info --egg-base build/ros2_basic build --build-base /home/s10/ros2_ws/src/ros2_practice/ros2_basic/build/ros2_basic/build install --record /home/s10/ros2_ws/src/ros2_practice/ros2_basic/build/ros2_basic/install.log --single-version-externally-managed install_data
[1.952s] Level 1:colcon.colcon_core.environment:checking '/home/s10/ros2_ws/src/ros2_practice/ros2_basic/install/ros2_basic' for CMake module files
[1.952s] Level 1:colcon.colcon_core.environment:checking '/home/s10/ros2_ws/src/ros2_practice/ros2_basic/install/ros2_basic' for CMake config files
[1.953s] Level 1:colcon.colcon_core.environment:checking '/home/s10/ros2_ws/src/ros2_practice/ros2_basic/install/ros2_basic/lib'
[1.953s] Level 1:colcon.colcon_core.environment:checking '/home/s10/ros2_ws/src/ros2_practice/ros2_basic/install/ros2_basic/bin'
[1.953s] Level 1:colcon.colcon_core.environment:checking '/home/s10/ros2_ws/src/ros2_practice/ros2_basic/install/ros2_basic/lib/pkgconfig/ros2_basic.pc'
[1.953s] Level 1:colcon.colcon_core.environment:checking '/home/s10/ros2_ws/src/ros2_practice/ros2_basic/install/ros2_basic/lib/python3.10/site-packages'
[1.953s] Level 1:colcon.colcon_core.shell:create_environment_hook('ros2_basic', 'pythonpath')
[1.954s] INFO:colcon.colcon_core.shell:Creating environment hook '/home/s10/ros2_ws/src/ros2_practice/ros2_basic/install/ros2_basic/share/ros2_basic/hook/pythonpath.ps1'
[1.954s] INFO:colcon.colcon_core.shell:Creating environment descriptor '/home/s10/ros2_ws/src/ros2_practice/ros2_basic/install/ros2_basic/share/ros2_basic/hook/pythonpath.dsv'
[1.954s] INFO:colcon.colcon_core.shell:Creating environment hook '/home/s10/ros2_ws/src/ros2_practice/ros2_basic/install/ros2_basic/share/ros2_basic/hook/pythonpath.sh'
[1.955s] Level 1:colcon.colcon_core.environment:checking '/home/s10/ros2_ws/src/ros2_practice/ros2_basic/install/ros2_basic/bin'
[1.955s] Level 1:colcon.colcon_core.environment:create_environment_scripts_only(ros2_basic)
[1.955s] INFO:colcon.colcon_core.shell:Creating package script '/home/s10/ros2_ws/src/ros2_practice/ros2_basic/install/ros2_basic/share/ros2_basic/package.ps1'
[1.956s] INFO:colcon.colcon_core.shell:Creating package descriptor '/home/s10/ros2_ws/src/ros2_practice/ros2_basic/install/ros2_basic/share/ros2_basic/package.dsv'
[1.957s] INFO:colcon.colcon_core.shell:Creating package script '/home/s10/ros2_ws/src/ros2_practice/ros2_basic/install/ros2_basic/share/ros2_basic/package.sh'
[1.958s] INFO:colcon.colcon_core.shell:Creating package script '/home/s10/ros2_ws/src/ros2_practice/ros2_basic/install/ros2_basic/share/ros2_basic/package.bash'
[1.959s] INFO:colcon.colcon_core.shell:Creating package script '/home/s10/ros2_ws/src/ros2_practice/ros2_basic/install/ros2_basic/share/ros2_basic/package.zsh'
[1.960s] Level 1:colcon.colcon_core.environment:create_file_with_runtime_dependencies(/home/s10/ros2_ws/src/ros2_practice/ros2_basic/install/ros2_basic/share/colcon-core/packages/ros2_basic)
[1.961s] DEBUG:colcon.colcon_parallel_executor.executor.parallel:closing loop
[1.961s] DEBUG:colcon.colcon_parallel_executor.executor.parallel:loop closed
[1.961s] DEBUG:colcon.colcon_parallel_executor.executor.parallel:run_until_complete finished with '0'
[1.961s] DEBUG:colcon.colcon_core.event_reactor:joining thread
[2.008s] INFO:colcon.colcon_core.plugin_system:Skipping extension 'colcon_notification.desktop_notification.notify_send': Could not find 'notify-send'
[2.008s] INFO:colcon.colcon_core.plugin_system:Skipping extension 'colcon_notification.desktop_notification.terminal_notifier': Not used on non-Darwin systems
[2.008s] INFO:colcon.colcon_core.plugin_system:Skipping extension 'colcon_notification.desktop_notification.win32': Not used on non-Windows systems
[2.008s] INFO:colcon.colcon_notification.desktop_notification:Sending desktop notification using 'notify2'
[2.009s] DEBUG:colcon.colcon_notification.desktop_notification.notify2:Failed to initialize notify2: org.freedesktop.DBus.Error.ServiceUnknown: The name org.freedesktop.Notifications was not provided by any .service files
[2.009s] DEBUG:colcon.colcon_core.event_reactor:joined thread
[2.010s] INFO:colcon.colcon_core.shell:Creating prefix script '/home/s10/ros2_ws/src/ros2_practice/ros2_basic/install/local_setup.ps1'
[2.011s] INFO:colcon.colcon_core.shell:Creating prefix util module '/home/s10/ros2_ws/src/ros2_practice/ros2_basic/install/_local_setup_util_ps1.py'
[2.012s] INFO:colcon.colcon_core.shell:Creating prefix chain script '/home/s10/ros2_ws/src/ros2_practice/ros2_basic/install/setup.ps1'
[2.014s] INFO:colcon.colcon_core.shell:Creating prefix script '/home/s10/ros2_ws/src/ros2_practice/ros2_basic/install/local_setup.sh'
[2.015s] INFO:colcon.colcon_core.shell:Creating prefix util module '/home/s10/ros2_ws/src/ros2_practice/ros2_basic/install/_local_setup_util_sh.py'
[2.015s] INFO:colcon.colcon_core.shell:Creating prefix chain script '/home/s10/ros2_ws/src/ros2_practice/ros2_basic/install/setup.sh'
[2.016s] INFO:colcon.colcon_core.shell:Creating prefix script '/home/s10/ros2_ws/src/ros2_practice/ros2_basic/install/local_setup.bash'
[2.017s] INFO:colcon.colcon_core.shell:Creating prefix chain script '/home/s10/ros2_ws/src/ros2_practice/ros2_basic/install/setup.bash'
[2.018s] INFO:colcon.colcon_core.shell:Creating prefix script '/home/s10/ros2_ws/src/ros2_practice/ros2_basic/install/local_setup.zsh'
[2.019s] INFO:colcon.colcon_core.shell:Creating prefix chain script '/home/s10/ros2_ws/src/ros2_practice/ros2_basic/install/setup.zsh'
