running egg_info
creating build/ros2_basic/ros2_basic.egg-info
writing build/ros2_basic/ros2_basic.egg-info/PKG-INFO
writing dependency_links to build/ros2_basic/ros2_basic.egg-info/dependency_links.txt
writing entry points to build/ros2_basic/ros2_basic.egg-info/entry_points.txt
writing requirements to build/ros2_basic/ros2_basic.egg-info/requires.txt
writing top-level names to build/ros2_basic/ros2_basic.egg-info/top_level.txt
writing manifest file 'build/ros2_basic/ros2_basic.egg-info/SOURCES.txt'
reading manifest file 'build/ros2_basic/ros2_basic.egg-info/SOURCES.txt'
writing manifest file 'build/ros2_basic/ros2_basic.egg-info/SOURCES.txt'
running build
running build_py
creating /home/s10/ros2_ws/src/ros2_practice/ros2_basic/build/ros2_basic/build
creating /home/s10/ros2_ws/src/ros2_practice/ros2_basic/build/ros2_basic/build/lib
creating /home/s10/ros2_ws/src/ros2_practice/ros2_basic/build/ros2_basic/build/lib/ros2_basic
copying ros2_basic/wall_stop_controller.py -> /home/s10/ros2_ws/src/ros2_practice/ros2_basic/build/ros2_basic/build/lib/ros2_basic
copying ros2_basic/__init__.py -> /home/s10/ros2_ws/src/ros2_practice/ros2_basic/build/ros2_basic/build/lib/ros2_basic
copying ros2_basic/pose_subscriber.py -> /home/s10/ros2_ws/src/ros2_practice/ros2_basic/build/ros2_basic/build/lib/ros2_basic
copying ros2_basic/cmd_vel_publisher.py -> /home/s10/ros2_ws/src/ros2_practice/ros2_basic/build/ros2_basic/build/lib/ros2_basic
copying ros2_basic/hello_node.py -> /home/s10/ros2_ws/src/ros2_practice/ros2_basic/build/ros2_basic/build/lib/ros2_basic
running install
running install_lib
creating /home/s10/ros2_ws/src/ros2_practice/ros2_basic/install/ros2_basic/lib/python3.10/site-packages/ros2_basic
copying /home/s10/ros2_ws/src/ros2_practice/ros2_basic/build/ros2_basic/build/lib/ros2_basic/wall_stop_controller.py -> /home/s10/ros2_ws/src/ros2_practice/ros2_basic/install/ros2_basic/lib/python3.10/site-packages/ros2_basic
copying /home/s10/ros2_ws/src/ros2_practice/ros2_basic/build/ros2_basic/build/lib/ros2_basic/__init__.py -> /home/s10/ros2_ws/src/ros2_practice/ros2_basic/install/ros2_basic/lib/python3.10/site-packages/ros2_basic
copying /home/s10/ros2_ws/src/ros2_practice/ros2_basic/build/ros2_basic/build/lib/ros2_basic/pose_subscriber.py -> /home/s10/ros2_ws/src/ros2_practice/ros2_basic/install/ros2_basic/lib/python3.10/site-packages/ros2_basic
copying /home/s10/ros2_ws/src/ros2_practice/ros2_basic/build/ros2_basic/build/lib/ros2_basic/cmd_vel_publisher.py -> /home/s10/ros2_ws/src/ros2_practice/ros2_basic/install/ros2_basic/lib/python3.10/site-packages/ros2_basic
copying /home/s10/ros2_ws/src/ros2_practice/ros2_basic/build/ros2_basic/build/lib/ros2_basic/hello_node.py -> /home/s10/ros2_ws/src/ros2_practice/ros2_basic/install/ros2_basic/lib/python3.10/site-packages/ros2_basic
byte-compiling /home/s10/ros2_ws/src/ros2_practice/ros2_basic/install/ros2_basic/lib/python3.10/site-packages/ros2_basic/wall_stop_controller.py to wall_stop_controller.cpython-310.pyc
byte-compiling /home/s10/ros2_ws/src/ros2_practice/ros2_basic/install/ros2_basic/lib/python3.10/site-packages/ros2_basic/__init__.py to __init__.cpython-310.pyc
byte-compiling /home/s10/ros2_ws/src/ros2_practice/ros2_basic/install/ros2_basic/lib/python3.10/site-packages/ros2_basic/pose_subscriber.py to pose_subscriber.cpython-310.pyc
byte-compiling /home/s10/ros2_ws/src/ros2_practice/ros2_basic/install/ros2_basic/lib/python3.10/site-packages/ros2_basic/cmd_vel_publisher.py to cmd_vel_publisher.cpython-310.pyc
byte-compiling /home/s10/ros2_ws/src/ros2_practice/ros2_basic/install/ros2_basic/lib/python3.10/site-packages/ros2_basic/hello_node.py to hello_node.cpython-310.pyc
running install_data
creating /home/s10/ros2_ws/src/ros2_practice/ros2_basic/install/ros2_basic/share/ament_index
creating /home/s10/ros2_ws/src/ros2_practice/ros2_basic/install/ros2_basic/share/ament_index/resource_index
creating /home/s10/ros2_ws/src/ros2_practice/ros2_basic/install/ros2_basic/share/ament_index/resource_index/packages
copying resource/ros2_basic -> /home/s10/ros2_ws/src/ros2_practice/ros2_basic/install/ros2_basic/share/ament_index/resource_index/packages
copying package.xml -> /home/s10/ros2_ws/src/ros2_practice/ros2_basic/install/ros2_basic/share/ros2_basic
creating /home/s10/ros2_ws/src/ros2_practice/ros2_basic/install/ros2_basic/share/ros2_basic/launch
copying launch/turtlesim_demo.launch.py -> /home/s10/ros2_ws/src/ros2_practice/ros2_basic/install/ros2_basic/share/ros2_basic/launch
running install_egg_info
Copying build/ros2_basic/ros2_basic.egg-info to /home/s10/ros2_ws/src/ros2_practice/ros2_basic/install/ros2_basic/lib/python3.10/site-packages/ros2_basic-0.0.0-py3.10.egg-info
running install_scripts
Installing cmd_vel_publisher script to /home/s10/ros2_ws/src/ros2_practice/ros2_basic/install/ros2_basic/lib/ros2_basic
Installing hello_node script to /home/s10/ros2_ws/src/ros2_practice/ros2_basic/install/ros2_basic/lib/ros2_basic
Installing pose_subscriber script to /home/s10/ros2_ws/src/ros2_practice/ros2_basic/install/ros2_basic/lib/ros2_basic
Installing wall_stop_controller script to /home/s10/ros2_ws/src/ros2_practice/ros2_basic/install/ros2_basic/lib/ros2_basic
writing list of installed files to '/home/s10/ros2_ws/src/ros2_practice/ros2_basic/build/ros2_basic/install.log'
