/home/s10/ros2_ws/src/ros2_practice/ros2_basic/install/ros2_basic/lib/python3.10/site-packages/ros2_basic/wall_stop_controller.py
/home/s10/ros2_ws/src/ros2_practice/ros2_basic/install/ros2_basic/lib/python3.10/site-packages/ros2_basic/__init__.py
/home/s10/ros2_ws/src/ros2_practice/ros2_basic/install/ros2_basic/lib/python3.10/site-packages/ros2_basic/pose_subscriber.py
/home/s10/ros2_ws/src/ros2_practice/ros2_basic/install/ros2_basic/lib/python3.10/site-packages/ros2_basic/cmd_vel_publisher.py
/home/s10/ros2_ws/src/ros2_practice/ros2_basic/install/ros2_basic/lib/python3.10/site-packages/ros2_basic/hello_node.py
/home/s10/ros2_ws/src/ros2_practice/ros2_basic/install/ros2_basic/lib/python3.10/site-packages/ros2_basic/__pycache__/wall_stop_controller.cpython-310.pyc
/home/s10/ros2_ws/src/ros2_practice/ros2_basic/install/ros2_basic/lib/python3.10/site-packages/ros2_basic/__pycache__/__init__.cpython-310.pyc
/home/s10/ros2_ws/src/ros2_practice/ros2_basic/install/ros2_basic/lib/python3.10/site-packages/ros2_basic/__pycache__/pose_subscriber.cpython-310.pyc
/home/s10/ros2_ws/src/ros2_practice/ros2_basic/install/ros2_basic/lib/python3.10/site-packages/ros2_basic/__pycache__/cmd_vel_publisher.cpython-310.pyc
/home/s10/ros2_ws/src/ros2_practice/ros2_basic/install/ros2_basic/lib/python3.10/site-packages/ros2_basic/__pycache__/hello_node.cpython-310.pyc
/home/s10/ros2_ws/src/ros2_practice/ros2_basic/install/ros2_basic/share/ament_index/resource_index/packages/ros2_basic
/home/s10/ros2_ws/src/ros2_practice/ros2_basic/install/ros2_basic/share/ros2_basic/package.xml
/home/s10/ros2_ws/src/ros2_practice/ros2_basic/install/ros2_basic/share/ros2_basic/launch/turtlesim_demo.launch.py
/home/s10/ros2_ws/src/ros2_practice/ros2_basic/install/ros2_basic/lib/python3.10/site-packages/ros2_basic-0.0.0-py3.10.egg-info/top_level.txt
/home/s10/ros2_ws/src/ros2_practice/ros2_basic/install/ros2_basic/lib/python3.10/site-packages/ros2_basic-0.0.0-py3.10.egg-info/zip-safe
/home/s10/ros2_ws/src/ros2_practice/ros2_basic/install/ros2_basic/lib/python3.10/site-packages/ros2_basic-0.0.0-py3.10.egg-info/dependency_links.txt
/home/s10/ros2_ws/src/ros2_practice/ros2_basic/install/ros2_basic/lib/python3.10/site-packages/ros2_basic-0.0.0-py3.10.egg-info/SOURCES.txt
/home/s10/ros2_ws/src/ros2_practice/ros2_basic/install/ros2_basic/lib/python3.10/site-packages/ros2_basic-0.0.0-py3.10.egg-info/PKG-INFO
/home/s10/ros2_ws/src/ros2_practice/ros2_basic/install/ros2_basic/lib/python3.10/site-packages/ros2_basic-0.0.0-py3.10.egg-info/entry_points.txt
/home/s10/ros2_ws/src/ros2_practice/ros2_basic/install/ros2_basic/lib/python3.10/site-packages/ros2_basic-0.0.0-py3.10.egg-info/requires.txt
/home/s10/ros2_ws/src/ros2_practice/ros2_basic/install/ros2_basic/lib/ros2_basic/cmd_vel_publisher
/home/s10/ros2_ws/src/ros2_practice/ros2_basic/install/ros2_basic/lib/ros2_basic/hello_node
/home/s10/ros2_ws/src/ros2_practice/ros2_basic/install/ros2_basic/lib/ros2_basic/pose_subscriber
/home/s10/ros2_ws/src/ros2_practice/ros2_basic/install/ros2_basic/lib/ros2_basic/wall_stop_controller
